#
# There is insufficient memory for the Java Runtime Environment to continue.
# Native memory allocation (mmap) failed to map 132120576 bytes for Failed to commit area from 0x0000000082600000 to 0x000000008a400000 of length 132120576.
# Possible reasons:
#   The system is out of physical RAM or swap space
#   The process is running with CompressedOops enabled, and the Java Heap may be blocking the growth of the native heap
# Possible solutions:
#   Reduce memory load on the system
#   Increase physical memory or swap space
#   Check if swap backing store is full
#   Decrease Java heap size (-Xmx/-Xms)
#   Decrease number of Java threads
#   Decrease Java thread stack sizes (-Xss)
#   Set larger code cache with -XX:ReservedCodeCacheSize=
# This output file may be truncated or incomplete.
#
#  Out of Memory Error (c:/BuildAgent/work/5ff2f6c26000d570/src/hotspot/os/windows/os_windows.cpp:3291), pid=24460, tid=24060
#
# JRE version:  (11.0.5+10) (build )
# Java VM: OpenJDK 64-Bit Server VM (11.0.5+10-b520.38, mixed mode, aot, sharing, tiered, compressed oops, g1 gc, windows-amd64)
# No core dump will be written. Minidumps are not enabled by default on client versions of Windows
#

---------------  S U M M A R Y ------------

Command Line: org.jetbrains.git4idea.http.GitAskPassApp Username for 'https://github.com': 

Host: Intel(R) Core(TM) i5-8265U CPU @ 1.60GHz, 8 cores, 7G,  Windows 10 , 64 bit Build 18362 (10.0.18362.329)
Time: Thu Mar 19 23:02:01 2020 ?D1¨²¡À¨º¡Á?¨º¡À?? elapsed time: 0 seconds (0d 0h 0m 0s)

---------------  T H R E A D  ---------------

Current thread (0x0000020cdb64a000):  JavaThread "Unknown thread" [_thread_in_vm, id=24060, stack(0x000000cf68300000,0x000000cf68400000)]

Stack: [0x000000cf68300000,0x000000cf68400000]
Native frames: (J=compiled Java code, j=interpreted, Vv=VM code, C=native code)
V  [jvm.dll+0x5dcafa]
V  [jvm.dll+0x70e375]
V  [jvm.dll+0x70f898]
V  [jvm.dll+0x70ff63]
V  [jvm.dll+0x23e238]
V  [jvm.dll+0x5da1c4]
V  [jvm.dll+0x5cf265]
V  [jvm.dll+0x2fac3b]
V  [jvm.dll+0x2fabaa]
V  [jvm.dll+0x2faa82]
V  [jvm.dll+0x2ff956]
V  [jvm.dll+0x3480d3]
V  [jvm.dll+0x3487d6]
V  [jvm.dll+0x3481d3]
V  [jvm.dll+0x2d5548]
V  [jvm.dll+0x2d66e7]
V  [jvm.dll+0x6ed237]
V  [jvm.dll+0x6eea2c]
V  [jvm.dll+0x355849]
V  [jvm.dll+0x6d239e]
V  [jvm.dll+0x3be283]
V  [jvm.dll+0x3c0701]
C  [jli.dll+0x5363]
C  [ucrtbase.dll+0x20e72]
C  [KERNEL32.DLL+0x17bd4]
C  [ntdll.dll+0x6ced1]


---------------  P R O C E S S  ---------------

Threads class SMR info:
_java_thread_list=0x0000020cdb5752f0, length=0, elements={
}

Java Threads: ( => current thread )

Other Threads:
  0x0000020cdb692800 GCTaskThread "GC Thread#0" [stack: 0x000000cf68400000,0x000000cf68500000] [id=17296]
  0x0000020cdb6c2800 ConcurrentGCThread "G1 Main Marker" [stack: 0x000000cf68500000,0x000000cf68600000] [id=21008]
  0x0000020cdb6c5000 ConcurrentGCThread "G1 Conc#0" [stack: 0x000000cf68600000,0x000000cf68700000] [id=20952]

[error occurred during error reporting (printing all threads), id 0xc0000005, EXCEPTION_ACCESS_VIOLATION (0xc0000005) at pc=0x00007ff89c3d5c17]

VM state:not at safepoint (not fully initialized)

VM Mutex/Monitor currently owned by a thread:  ([mutex/lock_event])
[0x0000020cdb67d4e0] Heap_lock - owner thread: 0x0000020cdb64a000

Heap address: 0x0000000082600000, size: 2010 MB, Compressed Oops mode: Non-zero based: 0x0000000082600000
Narrow klass base: 0x0000000000000000, Narrow klass shift: 0

GC Heap History (0 events):
No events

Deoptimization events (0 events):
No events

Classes redefined (0 events):
No events

Internal exceptions (0 events):
No events

Events (0 events):
No events


Dynamic libraries:
0x00007ff723130000 - 0x00007ff72313a000 	D:\toolsPath\ideaIU-2019.3.3.win\jbr\bin\java.exe
0x00007ff8d5fc0000 - 0x00007ff8d61b0000 	C:\Windows\SYSTEM32\ntdll.dll
0x00007ff8d4070000 - 0x00007ff8d4122000 	C:\Windows\System32\KERNEL32.DLL
0x00007ff8d3140000 - 0x00007ff8d33e3000 	C:\Windows\System32\KERNELBASE.dll
0x00007ff8d2ff0000 - 0x00007ff8d30ea000 	C:\Windows\System32\ucrtbase.dll
0x00007ff8aaac0000 - 0x00007ff8aaad9000 	D:\toolsPath\ideaIU-2019.3.3.win\jbr\bin\jli.dll
0x00007ff8a5cf0000 - 0x00007ff8a5d07000 	D:\toolsPath\ideaIU-2019.3.3.win\jbr\bin\VCRUNTIME140.dll
0x00007ff8d5d60000 - 0x00007ff8d5ef4000 	C:\Windows\System32\USER32.dll
0x00007ff8d3540000 - 0x00007ff8d3561000 	C:\Windows\System32\win32u.dll
0x00007ff8d5cd0000 - 0x00007ff8d5cf6000 	C:\Windows\System32\GDI32.dll
0x00007ff8d36a0000 - 0x00007ff8d3834000 	C:\Windows\System32\gdi32full.dll
0x00007ff8d2f50000 - 0x00007ff8d2fee000 	C:\Windows\System32\msvcp_win.dll
0x00007ff8c23b0000 - 0x00007ff8c2635000 	C:\Windows\WinSxS\amd64_microsoft.windows.common-controls_6595b64144ccf1df_6.0.18362.720_none_e6beb5c51314836b\COMCTL32.dll
0x00007ff8d4140000 - 0x00007ff8d41de000 	C:\Windows\System32\msvcrt.dll
0x00007ff8d4de0000 - 0x00007ff8d5116000 	C:\Windows\System32\combase.dll
0x00007ff8d5bb0000 - 0x00007ff8d5cd0000 	C:\Windows\System32\RPCRT4.dll
0x00007ff8d3620000 - 0x00007ff8d36a0000 	C:\Windows\System32\bcryptPrimitives.dll
0x00007ff8d5840000 - 0x00007ff8d586e000 	C:\Windows\System32\IMM32.DLL
0x00007ff8a1b40000 - 0x00007ff8a1bdd000 	D:\toolsPath\ideaIU-2019.3.3.win\jbr\bin\msvcp140.dll
0x00007ff89c0f0000 - 0x00007ff89cbab000 	D:\toolsPath\ideaIU-2019.3.3.win\jbr\bin\server\jvm.dll
0x00007ff8d5870000 - 0x00007ff8d5913000 	C:\Windows\System32\ADVAPI32.dll
0x00007ff8d4d40000 - 0x00007ff8d4dd7000 	C:\Windows\System32\sechost.dll
0x00007ff8d41e0000 - 0x00007ff8d41e8000 	C:\Windows\System32\PSAPI.DLL
0x00007ff8cc730000 - 0x00007ff8cc754000 	C:\Windows\SYSTEM32\WINMM.dll
0x00007ff8c4560000 - 0x00007ff8c456a000 	C:\Windows\SYSTEM32\VERSION.dll
0x00007ff8cc700000 - 0x00007ff8cc72d000 	C:\Windows\SYSTEM32\winmmbase.dll
0x00007ff8d30f0000 - 0x00007ff8d313a000 	C:\Windows\System32\cfgmgr32.dll
0x00007ff8cc560000 - 0x00007ff8cc569000 	C:\Windows\SYSTEM32\WSOCK32.dll
0x00007ff8d4cd0000 - 0x00007ff8d4d3f000 	C:\Windows\System32\WS2_32.dll
0x00007ff8d2f30000 - 0x00007ff8d2f41000 	C:\Windows\System32\kernel.appcore.dll
0x00007ff8ae350000 - 0x00007ff8ae361000 	D:\toolsPath\ideaIU-2019.3.3.win\jbr\bin\verify.dll
0x00007ff8ce730000 - 0x00007ff8ce924000 	C:\Windows\SYSTEM32\DBGHELP.DLL
0x00007ff8baf30000 - 0x00007ff8baf5a000 	C:\Windows\SYSTEM32\dbgcore.DLL
0x00007ff8aa360000 - 0x00007ff8aa389000 	D:\toolsPath\ideaIU-2019.3.3.win\jbr\bin\java.dll
0x00007ff8aa340000 - 0x00007ff8aa357000 	D:\toolsPath\ideaIU-2019.3.3.win\jbr\bin\zip.dll
0x00007ff8aa8a0000 - 0x00007ff8aa8ab000 	D:\toolsPath\ideaIU-2019.3.3.win\jbr\bin\jimage.dll

dbghelp: loaded successfully - version: 4.0.5 - missing functions: none
symbol engine: initialized successfully - sym options: 0x614 - pdb path: .;D:\toolsPath\ideaIU-2019.3.3.win\jbr\bin;C:\Windows\SYSTEM32;C:\Windows\WinSxS\amd64_microsoft.windows.common-controls_6595b64144ccf1df_6.0.18362.720_none_e6beb5c51314836b;D:\toolsPath\ideaIU-2019.3.3.win\jbr\bin\server

VM Arguments:
java_command: org.jetbrains.git4idea.http.GitAskPassApp Username for 'https://github.com': 
java_class_path (initial): D:/toolsPath/ideaIU-2019.3.3.win/plugins/git4idea/lib/git4idea-rt.jar;D:/toolsPath/ideaIU-2019.3.3.win/lib/xmlrpc-2.0.1.jar;D:/toolsPath/ideaIU-2019.3.3.win/lib/commons-codec-1.13.jar;D:/toolsPath/ideaIU-2019.3.3.win/lib/util.jar
Launcher Type: SUN_STANDARD

[Global flags]
     intx CICompilerCount                          = 4                                         {product} {ergonomic}
     uint ConcGCThreads                            = 2                                         {product} {ergonomic}
     uint G1ConcRefinementThreads                  = 8                                         {product} {ergonomic}
   size_t G1HeapRegionSize                         = 1048576                                   {product} {ergonomic}
    uintx GCDrainStackTargetSize                   = 64                                        {product} {ergonomic}
   size_t InitialHeapSize                          = 132120576                                 {product} {ergonomic}
   size_t MarkStackSize                            = 4194304                                   {product} {ergonomic}
   size_t MaxHeapSize                              = 2107637760                                {product} {ergonomic}
   size_t MinHeapDeltaBytes                        = 1048576                                   {product} {ergonomic}
    uintx NonNMethodCodeHeapSize                   = 5836300                                {pd product} {ergonomic}
    uintx NonProfiledCodeHeapSize                  = 122910970                              {pd product} {ergonomic}
    uintx ProfiledCodeHeapSize                     = 122910970                              {pd product} {ergonomic}
    uintx ReservedCodeCacheSize                    = 251658240                              {pd product} {ergonomic}
     bool SegmentedCodeCache                       = true                                      {product} {ergonomic}
     bool UseCompressedClassPointers               = true                                 {lp64_product} {ergonomic}
     bool UseCompressedOops                        = true                                 {lp64_product} {ergonomic}
     bool UseG1GC                                  = true                                      {product} {ergonomic}
     bool UseLargePagesIndividualAllocation        = false                                  {pd product} {ergonomic}

Logging:
Log output configuration:
 #0: stdout all=warning uptime,level,tags
 #1: stderr all=off uptime,level,tags

Environment Variables:
JAVA_HOME=C:\Program Files\Java\jdk1.8.0_212
CLASSPATH=.;C:\Program Files\Java\jdk1.8.0_212\lib\dt.jar;C:\Program Files\Java\jdk1.8.0_212\lib\tools.jar
PATH=D:\toolsPath\Git_path\Git\mingw64\libexec\git-core;D:\toolsPath\Git_path\Git\mingw64\libexec\git-core;D:\toolsPath\Git_path\Git\mingw64\bin;D:\toolsPath\Git_path\Git\usr\bin;C:\Users\hx070\bin;C:\Program Files (x86)\Common Files\Oracle\Java\javapath;C:\Windows\system32;C:\Windows;C:\Windows\System32\Wbem;C:\Windows\System32\WindowsPowerShell\v1.0;C:\Windows\System32\OpenSSH;D:\toolsPath\Git_path\Git\cmd;C:\Program Files\Java\jdk1.8.0_212\bin;C:\apache-maven-3.6.3\bin;C:\apache-tomcat-9.0.31\lib;C:\apache-tomcat-9.0.31\bin;C:\Program Files\MySQL\MySQL Shell 8.0\bin;C:\Users\hx070\AppData\Local\Microsoft\WindowsApps
USERNAME=hx070
DISPLAY=:0.0
OS=Windows_NT
PROCESSOR_IDENTIFIER=Intel64 Family 6 Model 142 Stepping 11, GenuineIntel



---------------  S Y S T E M  ---------------

OS: Windows 10 , 64 bit Build 18362 (10.0.18362.329)

CPU:total 8 (initial active 8) (4 cores per cpu, 2 threads per core) family 6 model 142 stepping 11, cmov, cx8, fxsr, mmx, sse, sse2, sse3, ssse3, sse4.1, sse4.2, popcnt, avx, avx2, aes, clmul, erms, 3dnowpref, lzcnt, ht, tsc, tscinvbit, bmi1, bmi2, adx, fma

Memory: 4k page, system-wide physical 8039M (653M free)
TotalPageFile size 15539M (AvailPageFile size 129M)
current process WorkingSet (physical memory assigned to process): 10M, peak: 10M
current process commit charge ("private bytes"): 60M, peak: 185M

vm_info: OpenJDK 64-Bit Server VM (11.0.5+10-b520.38) for windows-amd64 JRE (11.0.5+10-b520.38), built on Jan 23 2020 07:58:32 by "" with MS VC++ 14.0 (VS2015)

END.
